2024-06-29 18:09:56,841 2332 DEBUG ? odoo.netsvc: logger level set: "odoo.http.rpc.request:INFO" 
2024-06-29 18:09:56,841 2332 DEBUG ? odoo.netsvc: logger level set: "odoo.http.rpc.response:INFO" 
2024-06-29 18:09:56,841 2332 DEBUG ? odoo.netsvc: logger level set: ":INFO" 
2024-06-29 18:09:56,841 2332 DEBUG ? odoo.netsvc: logger level set: "odoo:DEBUG" 
2024-06-29 18:09:56,841 2332 DEBUG ? odoo.netsvc: logger level set: "odoo.sql_db:INFO" 
2024-06-29 18:09:56,841 2332 DEBUG ? odoo.netsvc: logger level set: ":INFO" 
2024-06-29 18:09:56,842 2332 INFO ? odoo: Odoo version 17.0 
2024-06-29 18:09:56,842 2332 INFO ? odoo: Using configuration file at D:\Study\learning_odoo\conf\odoo.conf 
2024-06-29 18:09:56,842 2332 INFO ? odoo: addons paths: ['D:\\Study\\learning_odoo\\odoo\\addons', 'd:\\study\\learning_odoo\\data\\addons\\17.0', 'd:\\study\\learning_odoo\\addons', 'd:\\study\\learning_odoo\\custom_addons', 'd:\\study\\learning_odoo\\odoo\\addons', 'd:\\study\\learning_odoo\\my_addons'] 
2024-06-29 18:09:56,842 2332 INFO ? odoo: database: odoo_admin@localhost:5432 
2024-06-29 18:09:57,064 2332 INFO ? odoo.addons.base.models.ir_actions_report: You need Wkhtmltopdf to print a pdf version of the reports. 
2024-06-29 18:09:57,268 2332 DEBUG ? odoo.service.server: Setting signal handlers 
2024-06-29 18:09:57,324 2332 DEBUG ? odoo.modules.registry: Multiprocess load registry signaling: [Registry: 4] [Cache default: 2] [Cache assets: 1] [Cache templates: 1] [Cache routing: 1] 
2024-06-29 18:09:57,328 2332 INFO odoo_test odoo.modules.loading: loading 1 modules... 
2024-06-29 18:09:57,328 2332 DEBUG odoo_test odoo.modules.loading: Loading module base (1/1) 
2024-06-29 18:09:57,358 2332 DEBUG odoo_test odoo.modules.loading: Module base loaded in 0.03s, 0 queries 
2024-06-29 18:09:57,358 2332 INFO odoo_test odoo.modules.loading: 1 modules loaded in 0.03s, 0 queries (+0 extra) 
2024-06-29 18:09:57,373 2332 INFO odoo_test odoo.modules.loading: updating modules list 
2024-06-29 18:09:57,374 2332 INFO odoo_test odoo.addons.base.models.ir_module: ALLOW access to module.update_list on [] to user __system__ #1 via n/a 
2024-06-29 18:09:57,625 2332 WARNING odoo_test odoo.modules.module: Missing `license` key in manifest for 'hr_hospital', defaulting to LGPL-3 
2024-06-29 18:09:58,120 2332 INFO ? odoo.service.server: HTTP service (werkzeug) running on Dmitriy-PC:8069 
2024-06-29 18:09:58,685 2332 INFO odoo_test odoo.addons.base.models.ir_module: ALLOW access to module.button_upgrade on ['Hospital Management'] to user __system__ #1 via n/a 
2024-06-29 18:09:58,685 2332 INFO odoo_test odoo.addons.base.models.ir_module: ALLOW access to module.update_list on ['Hospital Management'] to user __system__ #1 via n/a 
